/regnick 123
/makeadmin 0 1338
/ah
/kill
/givehealth 0 0
/level
/login qwerty
/login qwerty
/login 123
/login 123
/login 123
/stats
/stats 0
/givehealth 0 0
/enter
/duty
/exit
/login 123
/givehealth 0 0
/help
/login 123
/goto 0
/makeadmin
/makeadmin 0 3
/help
/ah
/hotwire
/hotwire 1
/hotwire 1 1 1
/hotwire 0
/hotwire 1
/makeadmin 0 1337
/veh 
/givemoney 1 100000
/goto 1
/goto 0
/startrace
/up
/up
/up
/up
/up
/up
/upt
/upt
/up
/upt
/uptt
/givegun 1 26 1000
/givegun 1 21 1000
/givegun 1 35 1000
/goto 1
/admins
/goto 0
/goto 0
/goto 0
/enter
/enter
/enter
/gotols
/gotols
/goto 1
/gotols
/oldcar
/carid
/goto 1
/gotols
/slap 0
/slap 0
/slap 0
/slap 0t
/slap 0t
/slap 0t
/slap 0t
/slap 0t
/slap 0t
/slpa
/login 123
/ah
/regnick 123
/help
/credits
/credits
/rulez
/makeadmin 1 1338
/ah
/goto 1
/goto 1
/gotols
/vec 650
/login 123
/credits
/login 123
/ah
/payday
/level
/login 123
/level
/level
/login 123
/veh 522 0 6
/vec 522 0 6
/vec 522 0 6
/gotosf
/login 123
/ah
/setstat
/setstat 0 3 100
/setstat 0 1 666
/level
/upgrade
/upgrade tec9
/upgrade saw
/upgrade smgammo
/upgrade smgammo
/upgrade smgammo
/upgrade smgammo
/upgrade smgammo
/upgrade smgammo
/upgrade smgammo
/upgrade smgammo
/upgrade smgammo
/upgrade smgammo
/upgrade shotgunammo
/upgrade shotgunammo
/upgrade shotgunammo
/upgrade shotgunammo
/upgrade shotgunammo
/upgrade shotgunammo
/upgrade shotgunammot
/upgrade shotgunammot
/upgrade shotgunammo
/upgrade shotgunammo
/upgrade shotgunammo
/upgrade shotgunammo
/upgrade shotgunammo
/upgrade shotgunammo
/upgrade shotgunammo
/upgrade shotgunammo
/upgrade shotgunammo
/upgrade shotgunammo
/upgrade shotgunammo
/upgrade shotgunammo
/upgrade shotgunammo
/upgrade shotgunammo
/upgrade shotgunammo
/upgrade shotgunammo
/upgrade shotgunammo
/upgrade shotgunammo
/upgrade shotgunammo
/upgrade shotgunammo
/upgrade shotgunammo
/upgrade shotgunammo
/upgrade shotgunammo
/upgrade shotgunammo
/upgrade shotgunammo
/upgrade shotgunammo
/upgrade shotgunammo
/upgrade shotgunammo
/upgrade shotgunammo
/upgrade shotgunammo
/upgrade shotgunammo
/upgrade shotgunammo
/upgrade shotgunammo
/upgrade shotgunammo
/upgrade smgammo
/upgrade smgammo
/upgrade smgammo
/upgrade smgammo
/upgrade smgammo
/upgrade smgammo
/upgrade smgammo
/upgrade smgammo
/upgrade smgammo
/upgrade smgammo
/upgrade smgammo
/upgrade smgammo
/upgrade smgammo
/upgrade smgammo
/upgrade smgammo
/upgrade smgammo
/upgrade smgammo
/upgrade smgammo
/upgrade smgammo
/upgrade smgammo
/upgrade smgammo
/upgrade smgammo
/upgrade smgammo
/upgrade smgammo
/upgrade smgammo
/upgrade smgammo
/upgrade smgammo
/upgrade smgammo
/upgrade smgammo
/upgrade smgammo
/upgrade smgammo
/upgrade health
/upgrade health
/upgrade health
/upgrade health
/upgrade health
/upgrade health
/upgrade health
/upgrade health
/upgrade health
/upgrade health
/upgrade health
/upgrade health
/upgrade health
/upgrade health
/upgrade health
/upgrade health
/level
/level
/level
/level
/level
/level
/level
/level
/level
/upgrade health
/upgrade health
/upgrade health
/upgrade health
/upgrade health
/upgrade health
/upgrade health
/upgrade health
/upgrade health
/upgrade health
/upgrade health
/upgrade health
/level
/upgrade
/setstatt
/setstat
/setstat 0 3 10
/upgrade health
/upgrade health
/upgrade health
/upgrade health
/upgrade health
/level
/sethp 0 0
/givehealth 0 0
/givemoney 0 1000000000
/upgrade
/gotols
/gotols
/ah
/miccion
/mission
/mission
/mission
/mission
/mission
/mission
/mission
/mission
/mission
/mission
/mission
/mission
/mission
/mission
/mission
/mission
/mission
/login 123
/regnick Revenger
/setstat
/setstat 1 1 10
/setstat 1 3 100
/upgrade
/makeadmin 1 3
/upgrade sawnoff
/upgrade shotgunammo
/upgrade shotgunammo
/upgrade shotgunammo
/a значиццо, админка еще не переведена до конца
/a А почему в самом моде не перевести?
/upgrade
/upgrade tec9
/upgrade smgammo
/upgrade smgammo
/upgrade smgammo
/upgrade smgammo
/upgrade smgammo
/upgrade smgammo
/upgrade smgammo
/a перевожу, запарился уже
/upgrade smgammo
/upgrade smgammo
/upgrade smgammo
/upgrade smgammo
/a 3 дня сижу
/a так дал бы мне, я бы перевел
/upgrade
/a да уж почти закончил
/a переводить не скриптить)))
/a надписи около продающегося биза/дома
/a заодно пару багов закрыл
/a аренда машин-должны быть на английском?
/a пока да
/a Сервисы закрыты?
/upgrade
/upgrade clot45
/goto 1
/upgrade colt45
/upgrade colt45
/upgrade colt45
/upgrade colt45
/upgrade colt45
/upgrade colt45
/upgrade pistolammo
/upgrade pistolammo
/upgrade pistolammo
/upgrade pistolammo
/upgrade pistolammo
/upgrade pistolammo
/rentcar
/rentcar
/rentcar
/givemoney 1 1000000
/gethere 1
/gethere 1
/ah
/w 1 успокойся, актио х666 это тюнингованый пен будет))
/goto 0
/admins
/admins
/mission
/mission
/mission
/sethp 1 100
/mole даж это переведено
/mole 1
/mole /mole
/fourdive 0 1
/stopdm
/buybiz
/enter
/enter
/bizupgrade 1
/bizupgrade 2
/lock
/enter
/enter
/enter
/pricemod 1
/exit
/enter
/enter
/enter
/buygun spas12 100
/buygun k 1
/exit
/heal
/enter
/enter
/exit
/enter
/enter
/enter
/buygun sa 1000
/heal
/buygun tec 10000
/exit
/buygun
/exit
/gotosf
/veh 522
/vec 522
/login revenger
/gethere 1
/vec 522
/goto 0
/goto 0
/gethere 1
/goto 0
/goto 0
/goto 0
/goto 0
/goto 0
/goto 0
/goto 0
/goto 0
/gethere 1
/gotosf
/login Revenger
/veh 522
/vec 522
/vec 522
/gethere 1
/goto 0
/gethere 1
/gethere 1
/goto 1
/adminduty
/adminduty
/goto 0
/login 123
/makeraceman 0 1
/help
/racelist
/racelist
/racelist 5
/racelist 5
/racedelay
/veh 522
/vec 522
/gotosf
/gotosf
/setrace
/setrace 6
/setrace 7
/setrace Docks
/setrace Docks 1
/cp
/cp 1
/cp 2
/cp 6
/setraceman 0 0
/clrscr
/gmx
/login 123
/setraceman 0 0
/setraceman 0 1
/help
/setraceman 0 0
/help
/gotosf
/regnick wert
/login 123
/makeadmin 0 3
/a воть)
/a обычный7
/a ага, оригинал
/a норм
/a перевожу его
/goto 0
/mission
/mission
/mission
/mission
/kick 1
/kick 0
/regnick 123
/makeadmin 0 1338
/kill
/givehealth 0 0
/regnick 123
/admins
/stats 1
/makeadmin 1 1338
/mission
/mission
/mission
/dmweapon
/dmweapon sawnoff
/givehealth 0 0
/givehealth 1 0
/wave
/regnick 123
/login 123
/login 123
/login 123
/regnick 123
/login 123
/login 123
/help
/login 123
/regnick 123
/login 123
/login 123
/goto 1
/goto 1
/makeadmin 1 1338
/makeadmin 0 1338
/help
/heal
/healcar
/healcar 2
/healcar 5
/goto 0
/enter
/duty
/exit
/time
/login 123
/login 123
/regnick 765
/makeadmin 1 1337
/goto 1
/login 765
/login 765
/login 123
/goto 0
/exit
/login 123
/login 765
/login 123
/ah
/login 765
/goto 1
/fuelcar 101 2
/fuelcar 58 2
/fuelcar 58 2
/fuelcar
/fuelcar 58 1
/buylevel
/exit
/gotocar 58
/fuelcar
/fuelcar 58
/fuelcar 58 1
/fuelcar 58 1 1
/ah
/level
/gotocar 59
/gethere 1
/plan
/uncon
/uncon
/uncon
/uncons
/uncon
/goto 1
/givegun 1 38 99999
/handsup
/handsup
/enter
/duty
/duty
/duty
/duty
/duty
/duty
/duty
/duty
/duty
/duty
/duty
/duty
/duty
/duty
/duty
/duty
/duty
/duty
/duty
/duty
/heal
/exit
/login 123
/regnick
/regnick 123
/o
/o peno1? :DDDD
/login 123
/goto 1
/goto 1
/fuelcar 97 10
/fuelcar 97 2
/exit
/exit
/fuelcar 97 10
/gethere 1
/regnick 123
/login 123
/goto 0
/а в чём он новый?
/а в чём он новый?
/fuelcar 10 1
/goto 0
/goto 0
/goto 0
/login 123
/goto 1
/login 123
/goto 1
/goto 1
/setint 0 0
/makeadmin 1 1338
/fuelcar 215 2
/goto 1
/fuelcar 215 10
/money 1 0
/stats 1
/setmoney 1 0
/givemoney 1 0
/stats 1
/givemoney 1 1000
/login 123
/fuelcar 58 10
/login 123
/gotosf
/help
/fuelcar 58 5
/ah
/fuelcar 58 1
/login 123
/login 123
/login 123
/fuelcar 58 10
/login 123
/setint 0 0
/fuelcar 64 10
/login 123
/login 123
/login 123
/fuelcar 101 10
/fuelcar 101 1
/fuelcar 101 1
/fuelcar 101 1
/fuelcar 101 10
/login 123
/gotols
/fuelcar 42 11
/login 123
/fuelcar 58 11
/login 123
/login 123
/fuelcar 58 11
/login 123
/setint 0 0
/fuelcar 116 10
/login 123
/fuelcar 58 11
/login 123
/fuelcar 58 10
/login 123
/gotoc 1826.1860 -2445.5906 13.5547

/gotoc  -1574.7179 698.0666 -5.3415
1|-1722.5272|1048.0294|17.1551

/gotoc -1722.5272 1048.0294 17.1551

/gotoc -2679.2300 1436.2942 6.6628
/gotoc -1255.5181 33.4636 14.6056
/gotoc -1225.0737 -10.4271 14.6048
/gotoc -1186.5378 25.5372 14.6097
/gotols
/gotolv
/gotols
/gotosf
/login 123
/login 123
/login 123
/goto 0
/goto 0
/admins
/admins
/login 123
/goto 1
/login 123
/goto 1
/slap 0
/fuelcar 58 11
/slap 
/slap 1
/slap 1
/sethp 1 99999
/sethp 1 999
/fly
/fly
/fly
/fly
/fly
/fly
/fly
/fly
/fly
/fly
/flt
/fly
/fly
/goto 1
/sethp
/fly
/fly
/fly
/fly
/fly
/sethp
/goto 1
/fly
/fly
/fly
/goto 0
/fly
/fly
/flyt
/flytt
/goto 2
/goto 2
/goto 2
/goto 1
/admhelp
/ahelp
/gotols
/gethere 1
/gotols
/fuelcar 60 12
/heal
/heal 1
/vec 532
/vec 523
/vec 466
/login 123
/goto 1
/fly
/fly
/gpoto
/gfo
/fly
/goto 0
/goto 0
/vec 446
/up
/up
/up
/up
/up
/up
/slap 1
/vec 446
/slap 1
/fuel
/fuelcar 264 12
/fuel 0
/fuelcar 265 12
/sethp 0 1000
/heal 0 1000
/givehealth 0 1000
/goto 9
/goto 0
/hooyls
/gotolv
/setmark
/gotols
/fly
/fly
/goto 0
/oldcar
/lastcar
/car
/herecar 
/herecar 2
/herecar 2
/gotols
/goto 1
/exit
/goto 
/goto 0
/enter
/duty
/duty
/duty
/duty
/duty
/duty
/dutyt
/dutyt
/duty
/duty
/duty
/duty
/duty
/duty
/duty
/duty
/duty
/duty
/duty
/duty
/exit
/goto 1
/freeze 0
/unfreeze 0
/unfreeze 1
/login 123
/login 123
/login 123
/goto 0
/speedomjde
/fuelcar 57 11
/vec 423
/vec 324
/login 123
/help
/login 123
/goto 0
/gethere 1
/givehealth 1 1000
/a давай ко мне
/goto 0
/fuelcar 60 10
/fuelcar 60 1
/vec 539
/vec 539
/vec 560
/regnick ESTDJDIMOFFNET
/r njq
/a эм
/a вальнем?
/CHaNGEPASS ESTDJDIMOFFNET
/a Я уже в лв 2 парковки заполнил
/a там каждый парковочный слот забит
/a кста
/a хош ящики покажу?
/LOGIN ESTDJDIMOFFNET
/ADMINS
/makeadmin 1 0
/makeadmin 1 1338
/makeadmin 1 0
/makeadmin 0 1338
/gethere 1
/login 876
/login 123
/login 123
/login 123
/regnick 123
/login 123
/kill
/amkeadmin 0 1338
/givehealth 0 0
/regnick 876
/admins
/goto 1
/makeadmin 1 1338
/speedomode
/speedomode
/makeadmin 0 1338
/unfreeze 1
/unfreeze 0
/makeadmin 0 0
/freeze 0
/freeze 0
/freeze 0
/freeze 0
/freeze 0
/freeze 0
/freeze 0
/freeze 0
/freeze 0
/freeze 0
/ss 0
/slap 0
/givehealth 0 1000
/fuelcar 98 12
/makeadmin 0 1338
/fuelcar 98 12
/fuelcar 60 12
/vec 539
/vec 146
/login 86
/login 123
/login 876
/vec 510
/veh 482
/vec 482
/createv 482
/vec 510
/givegun 0 32 99999
/givegun 0 32 99999
/givegun 1 29 1000
/ah
/givegun 1 27 1000
/stats
/givegun 1 26 1000
/givegun 1 31 1000
/givegun 1 32 1000
/goto 1
/makeadmin 0 1338
/givegun 0 32 99999
/vec 491
/vec 492
/vec 482
/givehealth 1 100000
/vec 446
/veh 560
/vec 446
/fuelcar 266 15
/fuelcar 267 15
/vec 446
/goto 0
/goto 1
/goto 1
/vec 446
/login 123
/goto 0
/login 123
/vec 446
/vec 446
/login 123
/entercar 264
/entercar 263
/entercar 265
/entercar 265 0
/entercar 262
/login 123
/entercar 292
/entercar 262
/login 876
/goto 0
/stats 1
/makeadmin 1 1338
/goto 0
/vec 446
/fly 150 0
/fly 150 0
/goto 1
/goto 1
/goto 0
/wave
/login 123
/goto 1
/fly
/goto 0
/vec 446
/vec 446
/goto 1
/vec 446
/vec 446
/goto 1
/fly 0 1
/up
/goto 1
/givegun 0 32 1000
/givegun 0 26 1000
/fly 15 0
/fly 15 0
/login 123
/login 123
/regnic 123
/regnic 123
/tesa
/regnick 123
/login 123
/login 123
/goto 0
/admins
/gotols
/makeadmin 0 1337
/givegun
/ahelp
/givegun
/givegun 0 16
/givegun 0 16 100
/goto 0
/mark
/gotomark
/givegun 0 16 100
/gotomark
/givegun 0 16 100
/veh 411
/vec 411
/ahelp
/speedopassagers
/veh 411
/vec 411
/vec 411
/up
/vec 422
/vec 522
/vec 541
/vec 541
/fly 10 1
/register 1234567
/regnick 123456
/vec 411
/fly
/vec 411
/up
/wave
/regnick 123456
/
/r ololo\
/цвет 15
/r для него эта фраза слишком сложна >.<
/regnick123456
/login123456
/r xDDD
/login 123456
/r сбежали)
/su 2 1
/r надо ламоганов взять)
/enter
/enter
/duty
/duty
/buygun
/duty
/duty
/duty
/duty
/duty
/duty
/duty
/duty
/duty
/duty
/duty
/duty
/duty
/dutyt
/dutyt
/dutyt
/dutyt
/dutyt
/duty
/duty
/duty
/duty
/duty
/duty
/duty
/duty
/duty
/exit
/buygun
/buygun tec9 300
/exit
/lock
/unlock
/lock
/r ниодного хп ему не снял)
/r толи я лагал толи он читак)
/duty
/enter
/enter
/duty
/duty
/duty
/duty
/duty
/duty
/duty
/duty
/duty
/duty
/duty
/duty
/duty
/duty
/heal
/givegun 1 32 1000
/exit
/givegun 1 32 1000
/heal
/exit
/givegun 1 26 1000
/givegun 0 26 1000
/r он свалил
/r мне вот интересно, все поверили, что мы не русские?
/r а я хотел его потроллить ) типа вы русские сволочи напали на грузин беззащитных))
/r грузин*
/r ДВ
/r ))
/r xD
/login 123
/regnick 123
/kill
/makeadmin 0 1338
/sethp 0 0
/heal 0 0
/ah
/spawn
/
/login 123
/spawn
/login 123
/spawn
/login 123
/spawn
/login 123
/spawn
/login 123
/login 123
/level
/mission
/mission
/mission
/login 123
/setint 0
/login 123
/login 123
/login 123
/login 123
/login 123
/login 123
/stats
/level
/kill
/sethp 0 0
/mission
/mission
/mission
/level
/login 123
/pm 0 test test test
/pm 1 test test test
/login 123
/pm 0 test test test
/login 123
/mission
/mission
/mission
/regnick 123
/makeadmin 0 1338
/makeadmin 0 1338
/sethp 0 0
/mission
/mission
/speedo
/mission
/mission
/mission
/mission
/healcar 0
/healcar 1
/login 123
/mission
/mission
/mission
/regnick 123
/makeadmin 0 1338
/sethp 0 0
/regnick /login
/kill
/kill
/level
/pm 0 sdasdasda
/setvw 0 0
/pm 0 sdasdasda
/pm 0 sdasdasda
/goto 1
/mission
/admins
/level
/makeadmin 1 3
/ah
/cnn
/cnn b d
/cnnb sdsadasdasda
/cnn sdsadasdasda
/cnn ГґГ»Г Г»Г ГіГ¶
/goto 0
/cnn ГЇГ°Г®ГўГҐГ°ГЈГ®
/cnn ГЂГ¤Г¬ГЁГ­ГЄГ  ГўГ±Гї Г°Г®ГЎГЁГІ :)
/mark
/time
/gotomark
/gotomark
/goto 0
/ah
/stats
/stats 0
/admins
/ah
/setint
/a Г‘ГЄГ°Г®Г«ГЁГІГј ГІГ® ГіГ¬ГҐГҐГёГј? :)
/a Г¤Г ГўГ­Г® Г­ГҐ ГЇГ°ГЁГµГ®Г¤ГЁГ«Г®Г±Гј)
/a )) 
/givegun 0 26 100
/givegun 1 26 100
/a Г­Гі ГЇГ®Г·ГІГЁ Г­ГҐ Г°Г Г§ГіГ·ГЁГ«Г±Гї
/givemoney
/mission
/cnn Г‚Г Г©
/goto 0
/mission
/setteam 0 0
/setteam 0 3
/mission
/mission
/mission
/mission
/vec 522
/time
/level
/login 123
/about
/veh 522 0 3
/veh 522 3 0
/veh 522 3 0
/veh 522 0 3
/veh 522 0 3
/veh 522 3 0
/veh 522 0 3
/veh 522 3 0
/veh 522 0 3
/veh 521 0 3
/veh 521 6 0
/veh 521 0 6 0
/veh 521 6 0
/veh 521 0 6 0
/login 123
/login 123
/fly 10 20
/regnick 123
/makeadmin 0 1338
/exit
/exit
/exit
/rentcar
/exit
/exit
/exit
/mission
/mission
/mission
/regnick qwerty_fan
/login qwerty_fan
/login 123
/admins
/rconsmd
/rconcmd
/makeadmin
/makeadmin 0 1338
/money 1 10000
/givemoney 1 10000
/a Г¬Г¤Г ,Г¬Г ГёГЁГ­Г» ГЁ Гў ГЇГ°Г ГўГ Г¤Гі Г­ГҐ Г Г©Г±
/a Г®Г­ГЁ Г°Г Г­Г¤Г®Г¬Г­Г»ГҐ
/a ГЇГ®Г±Г«ГҐ Г°ГҐГ±ГІГ Г°ГІГ  Г¤Г°ГіГЈГЁГҐ ГЎГіГ¤ГіГІ
/lock
/level
/gro
/heal
/healme
/healme
/stats 0
/lock
/lock
/unlock
/switchkey
/lock
/gotoc 0 0 0
/gotoc 0 0 1
/gotoc 0 0 2
/about
/
/login 123
/login 123
/mission
/fly 0 1000
/fly 0 100
/login 123
/mission
/fly 0 100
/fly 0 100
/fly 0 100
/fly 0 100
