[PR]D0lph1N payed $0 to enter biz 4
BerG payed $0 to enter biz 4
BerG payed $0 to enter biz 4
BerG payed $0 to enter biz 4
[BmW]ManhunteR payed $300 to enter biz 0
[BmW]ManhunteR payed $300 to enter biz 0
[BmW]ManhunteR payed $300 to enter biz 0
[BmW]ManhunteR payed $300 to enter biz 0
[BmW]ManhunteR payed $300 to enter biz 0
[PR]D0lph1N payed $300 to enter biz 0
[BmW]ManhunteR bought weapons for $1020 at biz 0
[BmW]ManhunteR bought weapons for $2 at biz 0
[BmW]ManhunteR payed $300 to enter biz 0
[BmW]ManhunteR payed $300 to enter biz 0
[BmW]ManhunteR payed $300 to enter biz 0
[PR]D0lph1N payed $300 to enter biz 0
[BmW]ManhunteR payed $300 to enter biz 0
[PR]D0lph1N bought weapons for $10040 at biz 0
[PR]D0lph1N bought weapons for $20020 at biz 0
[PR]D0lph1N payed $0 to enter biz 4
[PR]D0lph1N payed $0 to enter biz 4
[PR]D0lph1N payed $0 to enter biz 4
BerG payed $0 to enter biz 4
[PR]D0lph1N payed $0 to enter biz 4
[PR]D0lph1N payed $0 to enter biz 4
BerG payed $0 to enter biz 4
